[debug] [2021-11-17T16:04:11.714Z] ----------------------------------------------------------------------
[debug] [2021-11-17T16:04:11.716Z] Command:       C:\Program Files\nodejs\node.exe C:\Users\aasaw\AppData\Roaming\npm\node_modules\firebase-tools\lib\bin\firebase.js init
[debug] [2021-11-17T16:04:11.716Z] CLI Version:   9.22.0
[debug] [2021-11-17T16:04:11.716Z] Platform:      win32
[debug] [2021-11-17T16:04:11.716Z] Node Version:  v12.18.4
[debug] [2021-11-17T16:04:11.717Z] Time:          Wed Nov 17 2021 21:34:11 GMT+0530 (India Standard Time)
[debug] [2021-11-17T16:04:11.717Z] ----------------------------------------------------------------------
[debug] 
[debug] [2021-11-17T16:04:11.768Z] > command requires scopes: ["email","openid","https://www.googleapis.com/auth/cloudplatformprojects.readonly","https://www.googleapis.com/auth/firebase","https://www.googleapis.com/auth/cloud-platform"]
[debug] [2021-11-17T16:04:11.768Z] > authorizing via signed-in user (aasawarisaprey@gmail.com)
[info] 
     ######## #### ########  ######## ########     ###     ######  ########
     ##        ##  ##     ## ##       ##     ##  ##   ##  ##       ##
     ######    ##  ########  ######   ########  #########  ######  ######
     ##        ##  ##    ##  ##       ##     ## ##     ##       ## ##
     ##       #### ##     ## ######## ########  ##     ##  ######  ########

You're about to initialize a Firebase project in this directory:

  C:\Users\aasaw\Downloads\Bakers table\Bakers table

Before we get started, keep in mind:

  * You are initializing within an existing Firebase project directory

[info] 
=== Project Setup
[info] 
[info] First, let's associate this project directory with a Firebase project.
[info] You can create multiple project aliases by running firebase use --add, 
[info] but for now we'll just set up a default project.
[info] 
[info] i  .firebaserc already has a default project, using bakers-table-f7629. 
[debug] [2021-11-17T16:04:17.974Z] >>> [apiv2][query] GET https://firebase.googleapis.com/v1beta1/projects/bakers-table-f7629 [none]
[debug] [2021-11-17T16:04:18.480Z] <<< [apiv2][status] GET https://firebase.googleapis.com/v1beta1/projects/bakers-table-f7629 403
[debug] [2021-11-17T16:04:18.480Z] <<< [apiv2][body] GET https://firebase.googleapis.com/v1beta1/projects/bakers-table-f7629 {"error":{"code":403,"message":"The caller does not have permission","status":"PERMISSION_DENIED"}}
[debug] [2021-11-17T16:04:18.480Z] HTTP Error: 403, The caller does not have permission
[debug] [2021-11-17T16:04:18.695Z] FirebaseError: HTTP Error: 403, The caller does not have permission
    at module.exports (C:\Users\aasaw\AppData\Roaming\npm\node_modules\firebase-tools\lib\responseToError.js:38:12)
    at Client.doRequest (C:\Users\aasaw\AppData\Roaming\npm\node_modules\firebase-tools\lib\apiv2.js:241:23)
    at processTicksAndRejections (internal/process/task_queues.js:97:5)
    at async Client.request (C:\Users\aasaw\AppData\Roaming\npm\node_modules\firebase-tools\lib\apiv2.js:96:20)
    at async Object.getFirebaseProject (C:\Users\aasaw\AppData\Roaming\npm\node_modules\firebase-tools\lib\management\projects.js:290:21)
    at async Object.doSetup [as project] (C:\Users\aasaw\AppData\Roaming\npm\node_modules\firebase-tools\lib\init\features\project.js:77:27)
    at async init (C:\Users\aasaw\AppData\Roaming\npm\node_modules\firebase-tools\lib\init\index.js:19:9)
[error] 
[error] Error: Failed to get Firebase project bakers-table-f7629. Please make sure the project exists and your account has permission to access it.
